Step: build-step-credential-initializer:

{"level":"warn","ts":1551897509.130672,"logger":"fallback-logger","caller":"logging/config.go:65","msg":"Fetch GitHub commit ID from kodata failed: \"ref: refs/heads/test\" is not a valid GitHub commit ID"}
{"level":"info","ts":1551897509.1337929,"logger":"fallback-logger","caller":"creds-init/main.go:40","msg":"Credentials initialized."}
Step: build-step-git-source-0:

{"level":"warn","ts":1551897510.7580712,"logger":"fallback-logger","caller":"logging/config.go:65","msg":"Fetch GitHub commit ID from kodata failed: \"ref: refs/heads/test\" is not a valid GitHub commit ID"}
{"level":"info","ts":1551897511.0313144,"logger":"fallback-logger","caller":"git-init/main.go:92","msg":"Successfully cloned \"https://github.com/ckcd-sa/ldonley-go-http.git\" @ \"master\" in path \"/workspace\""}
Step: build-step-jenkins:

Picked up _JAVA_OPTIONS: -Xmx400m
Started
Running in Durability level: PERFORMANCE_OPTIMIZED
  21.312 [id=34]	WARNING	i.f.k.c.i.VersionUsageUtils#alert: The client is using resource type 'customresourcedefinitions' with unstable version 'v1beta1'
[Pipeline] node
Running on Jenkins in /tmp/jenkinsTests.tmp/jenkins2941050833834944040test/workspace/job
[Pipeline] {
[Pipeline] stage
[Pipeline] { (Declarative: Checkout SCM)
[Pipeline] checkout
[Pipeline] }
[Pipeline] // stage
[Pipeline] withCredentials
[Pipeline] {
[Pipeline] withEnv
[Pipeline] {
[Pipeline] stage
[Pipeline] { (CI Build and push snapshot)
Stage "CI Build and push snapshot" skipped due to when conditional
[Pipeline] }
[Pipeline] // stage
[Pipeline] stage
[Pipeline] { (Build Release)
[Pipeline] dir
Running in /home/jenkins/go/src/github.com/ckcd-sa/ldonley-go-http
[Pipeline] {
[Pipeline] git
Cloning the remote Git repository
Cloning repository https://github.com/ckcd-sa/ldonley-go-http.git
 > git init /home/jenkins/go/src/github.com/ckcd-sa/ldonley-go-http # timeout=10
Fetching upstream changes from https://github.com/ckcd-sa/ldonley-go-http.git
 > git --version # timeout=10
 > git fetch --tags --progress https://github.com/ckcd-sa/ldonley-go-http.git +refs/heads/*:refs/remotes/origin/*
 > git config remote.origin.url https://github.com/ckcd-sa/ldonley-go-http.git # timeout=10
 > git config --add remote.origin.fetch +refs/heads/*:refs/remotes/origin/* # timeout=10
 > git config remote.origin.url https://github.com/ckcd-sa/ldonley-go-http.git # timeout=10
Fetching upstream changes from https://github.com/ckcd-sa/ldonley-go-http.git
 > git fetch --tags --progress https://github.com/ckcd-sa/ldonley-go-http.git +refs/heads/*:refs/remotes/origin/*
 > git rev-parse refs/remotes/origin/master^{commit} # timeout=10
 > git rev-parse refs/remotes/origin/origin/master^{commit} # timeout=10
Checking out Revision c852597d29f575a702542e0bdc7a9d6f59e2a59b (refs/remotes/origin/master)
 > git config core.sparsecheckout # timeout=10
 > git checkout -f c852597d29f575a702542e0bdc7a9d6f59e2a59b
 > git branch -a -v --no-abbrev # timeout=10
 > git checkout -b master c852597d29f575a702542e0bdc7a9d6f59e2a59b
Commit message: "Draft create"
First time build. Skipping changelog.
[Pipeline] sh
+ jx-release-version
+ echo 0.0.1
[Pipeline] sh
+ cat VERSION
+ jx step tag --version 0.0.1
Tag v0.0.1 created and pushed to remote origin
[Pipeline] sh
+ make build
CGO_ENABLED=0 GO15VENDOREXPERIMENT=1 go build -ldflags '' -o bin/ldonley-go-http main.go
[Pipeline] sh
+ cat VERSION
+ export VERSION=0.0.1
+ skaffold build -f skaffold.yaml
time="2019-03-06T18:39:14Z" level=warning msg="config version (skaffold/v1beta2) out of date: upgrading to latest (skaffold/v1beta3)"
Starting build...
Building [changeme]...
Sending build context to Docker daemon  525.8kBSending build context to Docker daemon  6.502MB
Step 1/4 : FROM scratch
 ---> 
Step 2/4 : EXPOSE 8080
 ---> Using cache
 ---> 34ff86d81c95
Step 3/4 : ENTRYPOINT /ldonley-go-http
 ---> Running in 66e331b4aa15
 ---> 62d90d9a13d1
Step 4/4 : COPY ./bin/ /
 ---> adf8838dfcaa
Successfully built adf8838dfcaa
The push refers to a repository [10.39.248.137:5000/ckcd-sa/ldonley-go-http]
b6cb90937ba5: Preparing
b6cb90937ba5: Pushed
0.0.1: digest: sha256:0cdd0f6eb860ef0689b07aa775c80ad1f8e159a54c5986bb7b8facd59fc0687e size: 528
Build complete in 1.648282923s
Starting test...
Test complete in 8.347µs
changeme -> 10.39.248.137:5000/ckcd-sa/ldonley-go-http:0.0.1
There is a new version (0.24.0) of skaffold available. Download it at https://storage.googleapis.com/skaffold/releases/latest/skaffold-linux-amd64

[Pipeline] sh
+ cat VERSION
+ jx step post build --image 10.39.248.137:5000/ckcd-sa/ldonley-go-http:0.0.1
[Pipeline] }
[Pipeline] // dir
[Pipeline] }
[Pipeline] // stage
[Pipeline] stage
[Pipeline] { (Promote to Environments)
[Pipeline] dir
Running in /home/jenkins/go/src/github.com/ckcd-sa/ldonley-go-http/charts/ldonley-go-http
[Pipeline] {
[Pipeline] sh
+ cat ../../VERSION
+ jx step changelog --version v0.0.1
Using batch mode as inside a pipeline
Generating change log from git ref c852597d29f575a702542e0bdc7a9d6f59e2a59b => a60e8855e61a93574c4ab7241d199fe256dc7ac0
Failed to enrich commits with issues: User.jenkins.io "" is invalid: metadata.name: Required value: name or generateName is required
Failed to enrich commits with issues: User.jenkins.io "" is invalid: metadata.name: Required value: name or generateName is required
Finding issues in commit messages using git format
No release found for ckcd-sa/ldonley-go-http and tag v0.0.1 so creating a new release
Updated the release information at https://github.com/ckcd-sa/ldonley-go-http/releases/tag/v0.0.1
generated: /home/jenkins/go/src/github.com/ckcd-sa/ldonley-go-http/charts/ldonley-go-http/templates/release.yaml
Created Release ldonley-go-http-0-0-1 resource in namespace jx
Updating PipelineActivity ckcd-sa-ldonley-go-http-master-1 with version 0.0.1
Updated PipelineActivities ckcd-sa-ldonley-go-http-master-1 with release notes URL: https://github.com/ckcd-sa/ldonley-go-http/releases/tag/v0.0.1
[Pipeline] sh
+ jx step helm release
No $CHART_REPOSITORY defined so using the default value of: http://jenkins-x-chartmuseum:8080
Adding missing Helm repo: jenkins-x http://chartmuseum.jenkins-x.io
Successfully added Helm repository jenkins-x.
Adding missing Helm repo: releases http://jenkins-x-chartmuseum:8080
Successfully added Helm repository releases.
No $CHART_REPOSITORY defined so using the default value of: http://jenkins-x-chartmuseum:8080
Uploading chart file ldonley-go-http-0.0.1.tgz to http://jenkins-x-chartmuseum:8080/api/charts
Received 201 response: {"saved":true}
[Pipeline] sh
+ cat ../../VERSION
+ jx promote -b --all-auto --timeout 1h --version 0.0.1
prow based install so skip waiting for the merge of Pull Requests to go green as currently there is an issue with gettingstatuses from the PR, see https://github.com/jenkins-x/jx/issues/2410
Promoting app ldonley-go-http version 0.0.1 to namespace jx-staging
Created Pull Request: https://github.com/ckcd-sa/environment-wyrmpeach-dev-staging/pull/8

Pull Request https://github.com/ckcd-sa/environment-wyrmpeach-dev-staging/pull/8 is merged at sha 1129e2584f86e89d7d4fe35d4506b1f1d484db42
Pull Request merged but we are not waiting for the update pipeline to complete!
Could not find the service URL in namespace jx-staging for names ldonley-go-http, jx-ldonley-go-http, jx-staging-ldonley-go-http
[Pipeline] }
[Pipeline] // dir
[Pipeline] }
[Pipeline] // stage
[Pipeline] }
[Pipeline] // withEnv
[Pipeline] }
[Pipeline] // withCredentials
[Pipeline] }
[Pipeline] // node
[Pipeline] End of Pipeline
Finished: SUCCESS
